{"numTotalTestSuites":72,"numPassedTestSuites":49,"numFailedTestSuites":23,"numPendingTestSuites":0,"numTotalTests":85,"numPassedTests":65,"numFailedTests":20,"numPendingTests":0,"numTodoTests":0,"snapshot":{"added":0,"failure":false,"filesAdded":0,"filesRemoved":0,"filesRemovedList":[],"filesUnmatched":0,"filesUpdated":0,"matched":0,"total":0,"unchecked":0,"uncheckedKeysByFile":[],"unmatched":0,"updated":0,"didUpdate":false},"startTime":1778740072240,"success":false,"testResults":[{"assertionResults":[{"ancestorTitles":["Environment Verification"],"fullName":"Environment Verification should have Bun defined","status":"passed","title":"should have Bun defined","duration":2.0250689999999736,"failureMessages":[],"meta":{},"tags":[]}],"startTime":1778740079733,"endTime":1778740079735.0251,"status":"passed","message":"","name":"/home/dev/Documents/work/other/projects/user-chat/workspaces/apps/backend/src/env-check.test.ts"},{"assertionResults":[{"ancestorTitles":["Hash Utilities","generateETag"],"fullName":"Hash Utilities generateETag should generate a consistent ETag for the same string","status":"passed","title":"should generate a consistent ETag for the same string","duration":9.092623000000003,"failureMessages":[],"meta":{},"tags":[]},{"ancestorTitles":["Hash Utilities","generateETag"],"fullName":"Hash Utilities generateETag should generate different ETags for different strings","status":"passed","title":"should generate different ETags for different strings","duration":7.856165000000033,"failureMessages":[],"meta":{},"tags":[]},{"ancestorTitles":["Hash Utilities","generateETag"],"fullName":"Hash Utilities generateETag should handle Buffers","status":"passed","title":"should handle Buffers","duration":0.31204600000000937,"failureMessages":[],"meta":{},"tags":[]},{"ancestorTitles":["Hash Utilities","generateShortId"],"fullName":"Hash Utilities generateShortId should generate a short base36 string","status":"passed","title":"should generate a short base36 string","duration":0.2913229999999203,"failureMessages":[],"meta":{},"tags":[]},{"ancestorTitles":["Hash Utilities","generateShortId"],"fullName":"Hash Utilities generateShortId should be consistent","status":"passed","title":"should be consistent","duration":0.202254000000039,"failureMessages":[],"meta":{},"tags":[]},{"ancestorTitles":["Hash Utilities","verifyIntegrity"],"fullName":"Hash Utilities verifyIntegrity should verify integrity correctly","status":"passed","title":"should verify integrity correctly","duration":2.4902399999999716,"failureMessages":[],"meta":{},"tags":[]},{"ancestorTitles":["Hash Utilities","verifyIntegrity"],"fullName":"Hash Utilities verifyIntegrity should fail for incorrect hash","status":"passed","title":"should fail for incorrect hash","duration":0.1811489999998912,"failureMessages":[],"meta":{},"tags":[]}],"startTime":1778740078642,"endTime":1778740078663.1812,"status":"passed","message":"","name":"/home/dev/Documents/work/other/projects/user-chat/workspaces/apps/backend/src/__tests__/hash.utils.test.ts"},{"assertionResults":[{"ancestorTitles":["bootstrap"],"fullName":"bootstrap should initialize all services in the correct order","status":"passed","title":"should initialize all services in the correct order","duration":3.4873710000001665,"failureMessages":[],"meta":{},"tags":[]},{"ancestorTitles":["bootstrap"],"fullName":"bootstrap should handle bootstrap failures","status":"passed","title":"should handle bootstrap failures","duration":1.7524779999998827,"failureMessages":[],"meta":{},"tags":[]}],"startTime":1778740079528,"endTime":1778740079533.7524,"status":"passed","message":"","name":"/home/dev/Documents/work/other/projects/user-chat/workspaces/apps/backend/src/__tests__/server.test.ts"},{"assertionResults":[{"ancestorTitles":["connectDB"],"fullName":"connectDB should connect to MongoDB successfully","status":"passed","title":"should connect to MongoDB successfully","duration":14.972890000000007,"failureMessages":[],"meta":{},"tags":[]},{"ancestorTitles":["connectDB"],"fullName":"connectDB should handle connection failure and exit","status":"passed","title":"should handle connection failure and exit","duration":6.166318000000047,"failureMessages":[],"meta":{},"tags":[]},{"ancestorTitles":["connectDB"],"fullName":"connectDB should apply Windows DNS hack on win32 platform","status":"passed","title":"should apply Windows DNS hack on win32 platform","duration":0.6366349999999557,"failureMessages":[],"meta":{},"tags":[]},{"ancestorTitles":["connectDB"],"fullName":"connectDB should NOT apply Windows DNS hack on other platforms","status":"passed","title":"should NOT apply Windows DNS hack on other platforms","duration":7.741714000000002,"failureMessages":[],"meta":{},"tags":[]}],"startTime":1778740077026,"endTime":1778740077055.7417,"status":"passed","message":"","name":"/home/dev/Documents/work/other/projects/user-chat/workspaces/apps/backend/src/config/__tests__/db.test.ts"},{"assertionResults":[],"startTime":1778740072240,"endTime":1778740072240,"status":"failed","message":"[vitest] No \"UserCacheService\" export is defined on the \"@services/auth/user-cache.service\" mock. Did you forget to return it from \"vi.mock\"?\nIf you need to partially mock a module, you can use \"importOriginal\" helper inside:\n","name":"/home/dev/Documents/work/other/projects/user-chat/workspaces/apps/backend/src/middlewares/__tests__/auth.middleware.test.ts"},{"assertionResults":[{"ancestorTitles":["RateLimiter Middleware"],"fullName":"RateLimiter Middleware should allow request if under limit and set headers","status":"passed","title":"should allow request if under limit and set headers","duration":16.74431699999991,"failureMessages":[],"meta":{},"tags":[]},{"ancestorTitles":["RateLimiter Middleware"],"fullName":"RateLimiter Middleware should block request and trigger L1 local block if over limit","status":"passed","title":"should block request and trigger L1 local block if over limit","duration":7.439646000000039,"failureMessages":[],"meta":{},"tags":[]},{"ancestorTitles":["RateLimiter Middleware"],"fullName":"RateLimiter Middleware should enforce local limit even when Redis is connected (Fail-through protection)","status":"passed","title":"should enforce local limit even when Redis is connected (Fail-through protection)","duration":6.890631999999982,"failureMessages":[],"meta":{},"tags":[]},{"ancestorTitles":["RateLimiter Middleware"],"fullName":"RateLimiter Middleware should use local fallback if Redis is disconnected","status":"passed","title":"should use local fallback if Redis is disconnected","duration":5.9463120000000345,"failureMessages":[],"meta":{},"tags":[]}],"startTime":1778740075013,"endTime":1778740075051.9463,"status":"passed","message":"","name":"/home/dev/Documents/work/other/projects/user-chat/workspaces/apps/backend/src/middlewares/__tests__/rate-limiter.test.ts"},{"assertionResults":[{"ancestorTitles":["AuthController - Password Reset & Email Verification","forgotPassword"],"fullName":"AuthController - Password Reset & Email Verification forgotPassword should call authService.forgotPassword and return success","status":"passed","title":"should call authService.forgotPassword and return success","duration":8.986920000000026,"failureMessages":[],"meta":{},"tags":[]},{"ancestorTitles":["AuthController - Password Reset & Email Verification","resetPassword"],"fullName":"AuthController - Password Reset & Email Verification resetPassword should call authService.resetPassword and return success","status":"passed","title":"should call authService.resetPassword and return success","duration":4.202338999999995,"failureMessages":[],"meta":{},"tags":[]},{"ancestorTitles":["AuthController - Password Reset & Email Verification","verifyEmail"],"fullName":"AuthController - Password Reset & Email Verification verifyEmail should verify email with token from query params","status":"passed","title":"should verify email with token from query params","duration":0.5843690000000379,"failureMessages":[],"meta":{},"tags":[]},{"ancestorTitles":["AuthController - Password Reset & Email Verification","verifyEmail"],"fullName":"AuthController - Password Reset & Email Verification verifyEmail should throw if token is missing","status":"passed","title":"should throw if token is missing","duration":8.919847000000004,"failureMessages":[],"meta":{},"tags":[]},{"ancestorTitles":["AuthController - Password Reset & Email Verification","resendVerification"],"fullName":"AuthController - Password Reset & Email Verification resendVerification should call authService.resendVerificationEmail with user id","status":"failed","title":"should call authService.resendVerificationEmail with user id","duration":12.363838000000044,"failureMessages":["TypeError: authController.resendVerificationEmail is not a function\n    at /home/dev/Documents/work/other/projects/user-chat/workspaces/apps/backend/src/controllers/__tests__/auth.controller.test.ts:84:28\n    at file:///home/dev/Documents/work/other/projects/user-chat/node_modules/.bun/@voidzero-dev+vite-plus-test@0.1.20+de97e618b8c39d45/node_modules/@voidzero-dev/vite-plus-test/dist/@vitest/runner/chunk-artifact.js:302:14\n    at file:///home/dev/Documents/work/other/projects/user-chat/node_modules/.bun/@voidzero-dev+vite-plus-test@0.1.20+de97e618b8c39d45/node_modules/@voidzero-dev/vite-plus-test/dist/@vitest/runner/chunk-artifact.js:1903:28\n    at file:///home/dev/Documents/work/other/projects/user-chat/node_modules/.bun/@voidzero-dev+vite-plus-test@0.1.20+de97e618b8c39d45/node_modules/@voidzero-dev/vite-plus-test/dist/@vitest/runner/chunk-artifact.js:2326:24\n    at new Promise (<anonymous>)\n    at runWithCancel (file:///home/dev/Documents/work/other/projects/user-chat/node_modules/.bun/@voidzero-dev+vite-plus-test@0.1.20+de97e618b8c39d45/node_modules/@voidzero-dev/vite-plus-test/dist/@vitest/runner/chunk-artifact.js:2323:12)\n    at file:///home/dev/Documents/work/other/projects/user-chat/node_modules/.bun/@voidzero-dev+vite-plus-test@0.1.20+de97e618b8c39d45/node_modules/@voidzero-dev/vite-plus-test/dist/@vitest/runner/chunk-artifact.js:2305:24\n    at new Promise (<anonymous>)\n    at runWithTimeout (file:///home/dev/Documents/work/other/projects/user-chat/node_modules/.bun/@voidzero-dev+vite-plus-test@0.1.20+de97e618b8c39d45/node_modules/@voidzero-dev/vite-plus-test/dist/@vitest/runner/chunk-artifact.js:2272:12)\n    at file:///home/dev/Documents/work/other/projects/user-chat/node_modules/.bun/@voidzero-dev+vite-plus-test@0.1.20+de97e618b8c39d45/node_modules/@voidzero-dev/vite-plus-test/dist/@vitest/runner/chunk-artifact.js:2955:70"],"meta":{},"tags":[]}],"startTime":1778740076075,"endTime":1778740076110.3638,"status":"failed","message":"","name":"/home/dev/Documents/work/other/projects/user-chat/workspaces/apps/backend/src/controllers/__tests__/auth.controller.test.ts"},{"assertionResults":[{"ancestorTitles":["ChatController","getChatMessages"],"fullName":"ChatController getChatMessages should call chatService.getChatMessages with correct params","status":"passed","title":"should call chatService.getChatMessages with correct params","duration":5.8266230000000405,"failureMessages":[],"meta":{},"tags":[]},{"ancestorTitles":["ChatController","getChatMessages"],"fullName":"ChatController getChatMessages should use defaults if limit/cursor are missing","status":"passed","title":"should use defaults if limit/cursor are missing","duration":0.764639000000102,"failureMessages":[],"meta":{},"tags":[]},{"ancestorTitles":["ChatController","getChatMessages"],"fullName":"ChatController getChatMessages should prioritize headers for limit/cursor if query is missing","status":"passed","title":"should prioritize headers for limit/cursor if query is missing","duration":0.45947000000001026,"failureMessages":[],"meta":{},"tags":[]},{"ancestorTitles":["ChatController","markChatRead"],"fullName":"ChatController markChatRead should call chatService.markChatRead","status":"passed","title":"should call chatService.markChatRead","duration":8.230389999999943,"failureMessages":[],"meta":{},"tags":[]}],"startTime":1778740076654,"endTime":1778740076669.2305,"status":"passed","message":"","name":"/home/dev/Documents/work/other/projects/user-chat/workspaces/apps/backend/src/controllers/__tests__/chat.controller.test.ts"},{"assertionResults":[{"ancestorTitles":["PresenceSyncHandler"],"fullName":"PresenceSyncHandler should process users in batches and perform bulkWrite","status":"passed","title":"should process users in batches and perform bulkWrite","duration":21.495731000000205,"failureMessages":[],"meta":{},"tags":[]},{"ancestorTitles":["PresenceSyncHandler"],"fullName":"PresenceSyncHandler should re-queue users if bulkWrite fails","status":"passed","title":"should re-queue users if bulkWrite fails","duration":30.306659999999965,"failureMessages":[],"meta":{},"tags":[]},{"ancestorTitles":["PresenceSyncHandler"],"fullName":"PresenceSyncHandler should stop processing after MAX_BATCHES_PER_RUN","status":"passed","title":"should stop processing after MAX_BATCHES_PER_RUN","duration":9.37970899999982,"failureMessages":[],"meta":{},"tags":[]}],"startTime":1778740076831,"endTime":1778740076892.3796,"status":"passed","message":"","name":"/home/dev/Documents/work/other/projects/user-chat/workspaces/apps/backend/src/jobs/handlers/__tests__/presence-sync.test.ts"},{"assertionResults":[{"ancestorTitles":["AuthService - Complete Suite","signup"],"fullName":"AuthService - Complete Suite signup should create user and return tokens","status":"passed","title":"should create user and return tokens","duration":5.716257999999925,"failureMessages":[],"meta":{},"tags":[]},{"ancestorTitles":["AuthService - Complete Suite","signup"],"fullName":"AuthService - Complete Suite signup should throw error if user already exists","status":"passed","title":"should throw error if user already exists","duration":1.7591350000000148,"failureMessages":[],"meta":{},"tags":[]},{"ancestorTitles":["AuthService - Complete Suite","login"],"fullName":"AuthService - Complete Suite login should verify password and return tokens","status":"passed","title":"should verify password and return tokens","duration":0.8111740000001646,"failureMessages":[],"meta":{},"tags":[]},{"ancestorTitles":["AuthService - Complete Suite","login"],"fullName":"AuthService - Complete Suite login should throw for invalid credentials","status":"passed","title":"should throw for invalid credentials","duration":0.5282299999998941,"failureMessages":[],"meta":{},"tags":[]},{"ancestorTitles":["AuthService - Complete Suite","refresh"],"fullName":"AuthService - Complete Suite refresh should generate new access token for valid refresh token","status":"passed","title":"should generate new access token for valid refresh token","duration":0.5072459999998955,"failureMessages":[],"meta":{},"tags":[]},{"ancestorTitles":["AuthService - Complete Suite","forgotPassword"],"fullName":"AuthService - Complete Suite forgotPassword should generate token, store in Redis, and send email for existing user","status":"passed","title":"should generate token, store in Redis, and send email for existing user","duration":1.7069989999999962,"failureMessages":[],"meta":{},"tags":[]},{"ancestorTitles":["AuthService - Complete Suite","forgotPassword"],"fullName":"AuthService - Complete Suite forgotPassword should silently succeed for non-existent email","status":"passed","title":"should silently succeed for non-existent email","duration":0.4553330000001097,"failureMessages":[],"meta":{},"tags":[]},{"ancestorTitles":["AuthService - Complete Suite","resetPassword"],"fullName":"AuthService - Complete Suite resetPassword should verify token, update password, and delete token","status":"passed","title":"should verify token, update password, and delete token","duration":0.5449499999999716,"failureMessages":[],"meta":{},"tags":[]},{"ancestorTitles":["AuthService - Complete Suite","verifyEmail"],"fullName":"AuthService - Complete Suite verifyEmail should verify token, update user, and delete token","status":"passed","title":"should verify token, update user, and delete token","duration":0.49711999999999534,"failureMessages":[],"meta":{},"tags":[]},{"ancestorTitles":["AuthService - Complete Suite","resendVerificationEmail"],"fullName":"AuthService - Complete Suite resendVerificationEmail should resend if not verified","status":"passed","title":"should resend if not verified","duration":0.6614370000002054,"failureMessages":[],"meta":{},"tags":[]},{"ancestorTitles":["AuthService - Complete Suite","upgradeToPro"],"fullName":"AuthService - Complete Suite upgradeToPro should update plan and emit UPGRADED event","status":"passed","title":"should update plan and emit UPGRADED event","duration":2.483989000000065,"failureMessages":[],"meta":{},"tags":[]}],"startTime":1778740073588,"endTime":1778740073604.484,"status":"passed","message":"","name":"/home/dev/Documents/work/other/projects/user-chat/workspaces/apps/backend/src/services/auth/__tests__/auth.service.test.ts"},{"assertionResults":[{"ancestorTitles":["ChatLockdownService Redis-First"],"fullName":"ChatLockdownService Redis-First should delegating locking to redisService","status":"passed","title":"should delegating locking to redisService","duration":9.451351000000045,"failureMessages":[],"meta":{},"tags":[]},{"ancestorTitles":["ChatLockdownService Redis-First"],"fullName":"ChatLockdownService Redis-First should delegating unlocking to redisService","status":"passed","title":"should delegating unlocking to redisService","duration":0.6814630000000079,"failureMessages":[],"meta":{},"tags":[]},{"ancestorTitles":["ChatLockdownService Redis-First"],"fullName":"ChatLockdownService Redis-First should delegating existence check to redisService and be async","status":"passed","title":"should delegating existence check to redisService and be async","duration":3.2417070000000194,"failureMessages":[],"meta":{},"tags":[]},{"ancestorTitles":["ChatLockdownService Redis-First"],"fullName":"ChatLockdownService Redis-First should return false if redisService returns false","status":"passed","title":"should return false if redisService returns false","duration":0.6077609999999822,"failureMessages":[],"meta":{},"tags":[]}],"startTime":1778740079354,"endTime":1778740079368.6077,"status":"passed","message":"","name":"/home/dev/Documents/work/other/projects/user-chat/workspaces/apps/backend/src/services/chat/__tests__/chat-lockdown.distributed.test.ts"},{"assertionResults":[{"ancestorTitles":["ChatService","requestChat (Limits)"],"fullName":"ChatService requestChat (Limits) should allow a Free user to request a chat if below limit","status":"failed","title":"should allow a Free user to request a chat if below limit","duration":12.85356200000001,"failureMessages":["TypeError: Cannot read properties of undefined (reading 'requestChat')\n    at /home/dev/Documents/work/other/projects/user-chat/workspaces/apps/backend/src/services/chat/__tests__/chat.service.test.ts:34:25\n    at file:///home/dev/Documents/work/other/projects/user-chat/node_modules/.bun/@voidzero-dev+vite-plus-test@0.1.20+de97e618b8c39d45/node_modules/@voidzero-dev/vite-plus-test/dist/@vitest/runner/chunk-artifact.js:302:14\n    at file:///home/dev/Documents/work/other/projects/user-chat/node_modules/.bun/@voidzero-dev+vite-plus-test@0.1.20+de97e618b8c39d45/node_modules/@voidzero-dev/vite-plus-test/dist/@vitest/runner/chunk-artifact.js:1903:28\n    at file:///home/dev/Documents/work/other/projects/user-chat/node_modules/.bun/@voidzero-dev+vite-plus-test@0.1.20+de97e618b8c39d45/node_modules/@voidzero-dev/vite-plus-test/dist/@vitest/runner/chunk-artifact.js:2326:24\n    at new Promise (<anonymous>)\n    at runWithCancel (file:///home/dev/Documents/work/other/projects/user-chat/node_modules/.bun/@voidzero-dev+vite-plus-test@0.1.20+de97e618b8c39d45/node_modules/@voidzero-dev/vite-plus-test/dist/@vitest/runner/chunk-artifact.js:2323:12)\n    at file:///home/dev/Documents/work/other/projects/user-chat/node_modules/.bun/@voidzero-dev+vite-plus-test@0.1.20+de97e618b8c39d45/node_modules/@voidzero-dev/vite-plus-test/dist/@vitest/runner/chunk-artifact.js:2305:24\n    at new Promise (<anonymous>)\n    at runWithTimeout (file:///home/dev/Documents/work/other/projects/user-chat/node_modules/.bun/@voidzero-dev+vite-plus-test@0.1.20+de97e618b8c39d45/node_modules/@voidzero-dev/vite-plus-test/dist/@vitest/runner/chunk-artifact.js:2272:12)\n    at file:///home/dev/Documents/work/other/projects/user-chat/node_modules/.bun/@voidzero-dev+vite-plus-test@0.1.20+de97e618b8c39d45/node_modules/@voidzero-dev/vite-plus-test/dist/@vitest/runner/chunk-artifact.js:2955:70"],"meta":{},"tags":[]},{"ancestorTitles":["ChatService","requestChat (Limits)"],"fullName":"ChatService requestChat (Limits) should throw error if Free user reached active chat limit","status":"failed","title":"should throw error if Free user reached active chat limit","duration":15.711193000000094,"failureMessages":["TypeError: Cannot read properties of undefined (reading 'requestChat')\n    at /home/dev/Documents/work/other/projects/user-chat/workspaces/apps/backend/src/services/chat/__tests__/chat.service.test.ts:46:32\n    at file:///home/dev/Documents/work/other/projects/user-chat/node_modules/.bun/@voidzero-dev+vite-plus-test@0.1.20+de97e618b8c39d45/node_modules/@voidzero-dev/vite-plus-test/dist/@vitest/runner/chunk-artifact.js:302:14\n    at file:///home/dev/Documents/work/other/projects/user-chat/node_modules/.bun/@voidzero-dev+vite-plus-test@0.1.20+de97e618b8c39d45/node_modules/@voidzero-dev/vite-plus-test/dist/@vitest/runner/chunk-artifact.js:1903:28\n    at file:///home/dev/Documents/work/other/projects/user-chat/node_modules/.bun/@voidzero-dev+vite-plus-test@0.1.20+de97e618b8c39d45/node_modules/@voidzero-dev/vite-plus-test/dist/@vitest/runner/chunk-artifact.js:2326:24\n    at new Promise (<anonymous>)\n    at runWithCancel (file:///home/dev/Documents/work/other/projects/user-chat/node_modules/.bun/@voidzero-dev+vite-plus-test@0.1.20+de97e618b8c39d45/node_modules/@voidzero-dev/vite-plus-test/dist/@vitest/runner/chunk-artifact.js:2323:12)\n    at file:///home/dev/Documents/work/other/projects/user-chat/node_modules/.bun/@voidzero-dev+vite-plus-test@0.1.20+de97e618b8c39d45/node_modules/@voidzero-dev/vite-plus-test/dist/@vitest/runner/chunk-artifact.js:2305:24\n    at new Promise (<anonymous>)\n    at runWithTimeout (file:///home/dev/Documents/work/other/projects/user-chat/node_modules/.bun/@voidzero-dev+vite-plus-test@0.1.20+de97e618b8c39d45/node_modules/@voidzero-dev/vite-plus-test/dist/@vitest/runner/chunk-artifact.js:2272:12)\n    at file:///home/dev/Documents/work/other/projects/user-chat/node_modules/.bun/@voidzero-dev+vite-plus-test@0.1.20+de97e618b8c39d45/node_modules/@voidzero-dev/vite-plus-test/dist/@vitest/runner/chunk-artifact.js:2955:70"],"meta":{},"tags":[]},{"ancestorTitles":["ChatService","requestChat (Limits)"],"fullName":"ChatService requestChat (Limits) should NOT enforce limit for Pro users","status":"failed","title":"should NOT enforce limit for Pro users","duration":26.419398,"failureMessages":["TypeError: Cannot read properties of undefined (reading 'requestChat')\n    at /home/dev/Documents/work/other/projects/user-chat/workspaces/apps/backend/src/services/chat/__tests__/chat.service.test.ts:62:25\n    at file:///home/dev/Documents/work/other/projects/user-chat/node_modules/.bun/@voidzero-dev+vite-plus-test@0.1.20+de97e618b8c39d45/node_modules/@voidzero-dev/vite-plus-test/dist/@vitest/runner/chunk-artifact.js:302:14\n    at file:///home/dev/Documents/work/other/projects/user-chat/node_modules/.bun/@voidzero-dev+vite-plus-test@0.1.20+de97e618b8c39d45/node_modules/@voidzero-dev/vite-plus-test/dist/@vitest/runner/chunk-artifact.js:1903:28\n    at file:///home/dev/Documents/work/other/projects/user-chat/node_modules/.bun/@voidzero-dev+vite-plus-test@0.1.20+de97e618b8c39d45/node_modules/@voidzero-dev/vite-plus-test/dist/@vitest/runner/chunk-artifact.js:2326:24\n    at new Promise (<anonymous>)\n    at runWithCancel (file:///home/dev/Documents/work/other/projects/user-chat/node_modules/.bun/@voidzero-dev+vite-plus-test@0.1.20+de97e618b8c39d45/node_modules/@voidzero-dev/vite-plus-test/dist/@vitest/runner/chunk-artifact.js:2323:12)\n    at file:///home/dev/Documents/work/other/projects/user-chat/node_modules/.bun/@voidzero-dev+vite-plus-test@0.1.20+de97e618b8c39d45/node_modules/@voidzero-dev/vite-plus-test/dist/@vitest/runner/chunk-artifact.js:2305:24\n    at new Promise (<anonymous>)\n    at runWithTimeout (file:///home/dev/Documents/work/other/projects/user-chat/node_modules/.bun/@voidzero-dev+vite-plus-test@0.1.20+de97e618b8c39d45/node_modules/@voidzero-dev/vite-plus-test/dist/@vitest/runner/chunk-artifact.js:2272:12)\n    at file:///home/dev/Documents/work/other/projects/user-chat/node_modules/.bun/@voidzero-dev+vite-plus-test@0.1.20+de97e618b8c39d45/node_modules/@voidzero-dev/vite-plus-test/dist/@vitest/runner/chunk-artifact.js:2955:70"],"meta":{},"tags":[]},{"ancestorTitles":["ChatService","getChatMessages (Scrubbing)"],"fullName":"ChatService getChatMessages (Scrubbing) should scrub old messages for Free users","status":"failed","title":"should scrub old messages for Free users","duration":12.833468000000039,"failureMessages":["TypeError: Cannot read properties of undefined (reading 'getChatMessages')\n    at /home/dev/Documents/work/other/projects/user-chat/workspaces/apps/backend/src/services/chat/__tests__/chat.service.test.ts:113:40\n    at file:///home/dev/Documents/work/other/projects/user-chat/node_modules/.bun/@voidzero-dev+vite-plus-test@0.1.20+de97e618b8c39d45/node_modules/@voidzero-dev/vite-plus-test/dist/@vitest/runner/chunk-artifact.js:302:14\n    at file:///home/dev/Documents/work/other/projects/user-chat/node_modules/.bun/@voidzero-dev+vite-plus-test@0.1.20+de97e618b8c39d45/node_modules/@voidzero-dev/vite-plus-test/dist/@vitest/runner/chunk-artifact.js:1903:28\n    at file:///home/dev/Documents/work/other/projects/user-chat/node_modules/.bun/@voidzero-dev+vite-plus-test@0.1.20+de97e618b8c39d45/node_modules/@voidzero-dev/vite-plus-test/dist/@vitest/runner/chunk-artifact.js:2326:24\n    at new Promise (<anonymous>)\n    at runWithCancel (file:///home/dev/Documents/work/other/projects/user-chat/node_modules/.bun/@voidzero-dev+vite-plus-test@0.1.20+de97e618b8c39d45/node_modules/@voidzero-dev/vite-plus-test/dist/@vitest/runner/chunk-artifact.js:2323:12)\n    at file:///home/dev/Documents/work/other/projects/user-chat/node_modules/.bun/@voidzero-dev+vite-plus-test@0.1.20+de97e618b8c39d45/node_modules/@voidzero-dev/vite-plus-test/dist/@vitest/runner/chunk-artifact.js:2305:24\n    at new Promise (<anonymous>)\n    at runWithTimeout (file:///home/dev/Documents/work/other/projects/user-chat/node_modules/.bun/@voidzero-dev+vite-plus-test@0.1.20+de97e618b8c39d45/node_modules/@voidzero-dev/vite-plus-test/dist/@vitest/runner/chunk-artifact.js:2272:12)\n    at file:///home/dev/Documents/work/other/projects/user-chat/node_modules/.bun/@voidzero-dev+vite-plus-test@0.1.20+de97e618b8c39d45/node_modules/@voidzero-dev/vite-plus-test/dist/@vitest/runner/chunk-artifact.js:2955:70"],"meta":{},"tags":[]},{"ancestorTitles":["ChatService","getChatMessages (Scrubbing)"],"fullName":"ChatService getChatMessages (Scrubbing) should NOT scrub old messages for Pro users","status":"failed","title":"should NOT scrub old messages for Pro users","duration":13.20276600000011,"failureMessages":["TypeError: Cannot read properties of undefined (reading 'getChatMessages')\n    at /home/dev/Documents/work/other/projects/user-chat/workspaces/apps/backend/src/services/chat/__tests__/chat.service.test.ts:154:40\n    at file:///home/dev/Documents/work/other/projects/user-chat/node_modules/.bun/@voidzero-dev+vite-plus-test@0.1.20+de97e618b8c39d45/node_modules/@voidzero-dev/vite-plus-test/dist/@vitest/runner/chunk-artifact.js:302:14\n    at file:///home/dev/Documents/work/other/projects/user-chat/node_modules/.bun/@voidzero-dev+vite-plus-test@0.1.20+de97e618b8c39d45/node_modules/@voidzero-dev/vite-plus-test/dist/@vitest/runner/chunk-artifact.js:1903:28\n    at file:///home/dev/Documents/work/other/projects/user-chat/node_modules/.bun/@voidzero-dev+vite-plus-test@0.1.20+de97e618b8c39d45/node_modules/@voidzero-dev/vite-plus-test/dist/@vitest/runner/chunk-artifact.js:2326:24\n    at new Promise (<anonymous>)\n    at runWithCancel (file:///home/dev/Documents/work/other/projects/user-chat/node_modules/.bun/@voidzero-dev+vite-plus-test@0.1.20+de97e618b8c39d45/node_modules/@voidzero-dev/vite-plus-test/dist/@vitest/runner/chunk-artifact.js:2323:12)\n    at file:///home/dev/Documents/work/other/projects/user-chat/node_modules/.bun/@voidzero-dev+vite-plus-test@0.1.20+de97e618b8c39d45/node_modules/@voidzero-dev/vite-plus-test/dist/@vitest/runner/chunk-artifact.js:2305:24\n    at new Promise (<anonymous>)\n    at runWithTimeout (file:///home/dev/Documents/work/other/projects/user-chat/node_modules/.bun/@voidzero-dev+vite-plus-test@0.1.20+de97e618b8c39d45/node_modules/@voidzero-dev/vite-plus-test/dist/@vitest/runner/chunk-artifact.js:2272:12)\n    at file:///home/dev/Documents/work/other/projects/user-chat/node_modules/.bun/@voidzero-dev+vite-plus-test@0.1.20+de97e618b8c39d45/node_modules/@voidzero-dev/vite-plus-test/dist/@vitest/runner/chunk-artifact.js:2955:70"],"meta":{},"tags":[]},{"ancestorTitles":["ChatService","getChat"],"fullName":"ChatService getChat should fetch a chat successfully","status":"failed","title":"should fetch a chat successfully","duration":169.00682199999983,"failureMessages":["Error: The vi.spyOn() function could not find an object to spy upon. The first argument must be defined.\n    at assert (file:///home/dev/Documents/work/other/projects/user-chat/node_modules/.bun/@voidzero-dev+vite-plus-test@0.1.20+de97e618b8c39d45/node_modules/@voidzero-dev/vite-plus-test/dist/@vitest/spy/index.js:279:11)\n    at Object.spyOn (file:///home/dev/Documents/work/other/projects/user-chat/node_modules/.bun/@voidzero-dev+vite-plus-test@0.1.20+de97e618b8c39d45/node_modules/@voidzero-dev/vite-plus-test/dist/@vitest/spy/index.js:191:3)\n    at /home/dev/Documents/work/other/projects/user-chat/workspaces/apps/backend/src/services/chat/__tests__/chat.service.test.ts:169:10\n    at processTicksAndRejections (node:internal/process/task_queues:104:5)\n    at file:///home/dev/Documents/work/other/projects/user-chat/node_modules/.bun/@voidzero-dev+vite-plus-test@0.1.20+de97e618b8c39d45/node_modules/@voidzero-dev/vite-plus-test/dist/@vitest/runner/chunk-artifact.js:1903:22"],"meta":{},"tags":[]},{"ancestorTitles":["ChatService","getChat"],"fullName":"ChatService getChat should throw if chatListingService throws","status":"failed","title":"should throw if chatListingService throws","duration":12.52384099999972,"failureMessages":["Error: The vi.spyOn() function could not find an object to spy upon. The first argument must be defined.\n    at assert (file:///home/dev/Documents/work/other/projects/user-chat/node_modules/.bun/@voidzero-dev+vite-plus-test@0.1.20+de97e618b8c39d45/node_modules/@voidzero-dev/vite-plus-test/dist/@vitest/spy/index.js:279:11)\n    at Object.spyOn (file:///home/dev/Documents/work/other/projects/user-chat/node_modules/.bun/@voidzero-dev+vite-plus-test@0.1.20+de97e618b8c39d45/node_modules/@voidzero-dev/vite-plus-test/dist/@vitest/spy/index.js:191:3)\n    at /home/dev/Documents/work/other/projects/user-chat/workspaces/apps/backend/src/services/chat/__tests__/chat.service.test.ts:181:10\n    at processTicksAndRejections (node:internal/process/task_queues:104:5)\n    at file:///home/dev/Documents/work/other/projects/user-chat/node_modules/.bun/@voidzero-dev+vite-plus-test@0.1.20+de97e618b8c39d45/node_modules/@voidzero-dev/vite-plus-test/dist/@vitest/runner/chunk-artifact.js:1903:22"],"meta":{},"tags":[]}],"startTime":1778740075286,"endTime":1778740075549.524,"status":"failed","message":"","name":"/home/dev/Documents/work/other/projects/user-chat/workspaces/apps/backend/src/services/chat/__tests__/chat.service.test.ts"},{"assertionResults":[{"ancestorTitles":["SocketService","handleConnection"],"fullName":"SocketService handleConnection should allow a single connection for a Free user","status":"passed","title":"should allow a single connection for a Free user","duration":9.764685999999983,"failureMessages":[],"meta":{},"tags":[]},{"ancestorTitles":["SocketService","handleConnection"],"fullName":"SocketService handleConnection should perform takeover when a Free user connects from a second device","status":"passed","title":"should perform takeover when a Free user connects from a second device","duration":4.650157999999919,"failureMessages":[],"meta":{},"tags":[]},{"ancestorTitles":["SocketService","handleConnection"],"fullName":"SocketService handleConnection should initiate takeover for a Pro user exceeding the limit","status":"passed","title":"should initiate takeover for a Pro user exceeding the limit","duration":33.191183000000024,"failureMessages":[],"meta":{},"tags":[]},{"ancestorTitles":["SocketService","disconnect"],"fullName":"SocketService disconnect should clean up connection set on disconnect","status":"passed","title":"should clean up connection set on disconnect","duration":10.964523999999983,"failureMessages":[],"meta":{},"tags":[]},{"ancestorTitles":["SocketService","Message Operations"],"fullName":"SocketService Message Operations should delegate saveAndDeliver to MessageService","status":"passed","title":"should delegate saveAndDeliver to MessageService","duration":3.5778510000000097,"failureMessages":[],"meta":{},"tags":[]},{"ancestorTitles":["SocketService","Presence & Status"],"fullName":"SocketService Presence & Status should join rooms for all partners on connection","status":"passed","title":"should join rooms for all partners on connection","duration":4.397600000000011,"failureMessages":[],"meta":{},"tags":[]},{"ancestorTitles":["SocketService","Presence & Status"],"fullName":"SocketService Presence & Status should broadcast global status update to the partner's watching room","status":"passed","title":"should broadcast global status update to the partner's watching room","duration":3.141305999999986,"failureMessages":[],"meta":{},"tags":[]},{"ancestorTitles":["SocketService","Distributed Cache Invalidation"],"fullName":"SocketService Distributed Cache Invalidation should clear participant cache when receiving global chat invalidation signal","status":"passed","title":"should clear participant cache when receiving global chat invalidation signal","duration":3.5183570000000373,"failureMessages":[],"meta":{},"tags":[]},{"ancestorTitles":["SocketService","Distributed Cache Invalidation"],"fullName":"SocketService Distributed Cache Invalidation should ignore unknown invalidation types","status":"passed","title":"should ignore unknown invalidation types","duration":4.627995999999939,"failureMessages":[],"meta":{},"tags":[]},{"ancestorTitles":["SocketService","Throttling & Rate Limiting"],"fullName":"SocketService Throttling & Rate Limiting should delegate rate limiting and error handling to MessageHandler","status":"passed","title":"should delegate rate limiting and error handling to MessageHandler","duration":5.121649000000161,"failureMessages":[],"meta":{},"tags":[]},{"ancestorTitles":["SocketService","Throttling & Rate Limiting"],"fullName":"SocketService Throttling & Rate Limiting should delegate typing indicators to TypingHandler","status":"passed","title":"should delegate typing indicators to TypingHandler","duration":3.942273000000114,"failureMessages":[],"meta":{},"tags":[]}],"startTime":1778740073262,"endTime":1778740073349.9424,"status":"passed","message":"","name":"/home/dev/Documents/work/other/projects/user-chat/workspaces/apps/backend/src/services/chat/__tests__/socket.service.test.ts"},{"assertionResults":[{"ancestorTitles":["SocketService Takeover Race Condition"],"fullName":"SocketService Takeover Race Condition should only disconnect the specified victim and spare others during global takeover","status":"failed","title":"should only disconnect the specified victim and spare others during global takeover","duration":22.19309300000009,"failureMessages":["TypeError: __vi_import_1__.socketService.activeConnections.clear is not a function\n    at /home/dev/Documents/work/other/projects/user-chat/workspaces/apps/backend/src/services/chat/__tests__/takeover_race.test.ts:84:46\n    at file:///home/dev/Documents/work/other/projects/user-chat/node_modules/.bun/@voidzero-dev+vite-plus-test@0.1.20+de97e618b8c39d45/node_modules/@voidzero-dev/vite-plus-test/dist/@vitest/runner/chunk-artifact.js:302:14\n    at wrapper (file:///home/dev/Documents/work/other/projects/user-chat/node_modules/.bun/@voidzero-dev+vite-plus-test@0.1.20+de97e618b8c39d45/node_modules/@voidzero-dev/vite-plus-test/dist/@vitest/runner/chunk-artifact.js:722:12)\n    at file:///home/dev/Documents/work/other/projects/user-chat/node_modules/.bun/@voidzero-dev+vite-plus-test@0.1.20+de97e618b8c39d45/node_modules/@voidzero-dev/vite-plus-test/dist/@vitest/runner/chunk-artifact.js:2305:24\n    at new Promise (<anonymous>)\n    at runWithTimeout (file:///home/dev/Documents/work/other/projects/user-chat/node_modules/.bun/@voidzero-dev+vite-plus-test@0.1.20+de97e618b8c39d45/node_modules/@voidzero-dev/vite-plus-test/dist/@vitest/runner/chunk-artifact.js:2272:12)\n    at file:///home/dev/Documents/work/other/projects/user-chat/node_modules/.bun/@voidzero-dev+vite-plus-test@0.1.20+de97e618b8c39d45/node_modules/@voidzero-dev/vite-plus-test/dist/@vitest/runner/chunk-artifact.js:2621:55\n    at run (file:///home/dev/Documents/work/other/projects/user-chat/node_modules/.bun/@voidzero-dev+vite-plus-test@0.1.20+de97e618b8c39d45/node_modules/@voidzero-dev/vite-plus-test/dist/@vitest/runner/chunk-artifact.js:1150:24)\n    at limiterFn (file:///home/dev/Documents/work/other/projects/user-chat/node_modules/.bun/@voidzero-dev+vite-plus-test@0.1.20+de97e618b8c39d45/node_modules/@voidzero-dev/vite-plus-test/dist/@vitest/runner/chunk-artifact.js:1162:61)\n    at runHook (file:///home/dev/Documents/work/other/projects/user-chat/node_modules/.bun/@voidzero-dev+vite-plus-test@0.1.20+de97e618b8c39d45/node_modules/@voidzero-dev/vite-plus-test/dist/@vitest/runner/chunk-artifact.js:2620:12)"],"meta":{},"tags":[]},{"ancestorTitles":["SocketService Takeover Race Condition"],"fullName":"SocketService Takeover Race Condition should handle multiple victims sequentially without kicking the winner","status":"failed","title":"should handle multiple victims sequentially without kicking the winner","duration":4.023458000000119,"failureMessages":["TypeError: __vi_import_1__.socketService.activeConnections.clear is not a function\n    at /home/dev/Documents/work/other/projects/user-chat/workspaces/apps/backend/src/services/chat/__tests__/takeover_race.test.ts:84:46\n    at file:///home/dev/Documents/work/other/projects/user-chat/node_modules/.bun/@voidzero-dev+vite-plus-test@0.1.20+de97e618b8c39d45/node_modules/@voidzero-dev/vite-plus-test/dist/@vitest/runner/chunk-artifact.js:302:14\n    at wrapper (file:///home/dev/Documents/work/other/projects/user-chat/node_modules/.bun/@voidzero-dev+vite-plus-test@0.1.20+de97e618b8c39d45/node_modules/@voidzero-dev/vite-plus-test/dist/@vitest/runner/chunk-artifact.js:722:12)\n    at file:///home/dev/Documents/work/other/projects/user-chat/node_modules/.bun/@voidzero-dev+vite-plus-test@0.1.20+de97e618b8c39d45/node_modules/@voidzero-dev/vite-plus-test/dist/@vitest/runner/chunk-artifact.js:2305:24\n    at new Promise (<anonymous>)\n    at runWithTimeout (file:///home/dev/Documents/work/other/projects/user-chat/node_modules/.bun/@voidzero-dev+vite-plus-test@0.1.20+de97e618b8c39d45/node_modules/@voidzero-dev/vite-plus-test/dist/@vitest/runner/chunk-artifact.js:2272:12)\n    at file:///home/dev/Documents/work/other/projects/user-chat/node_modules/.bun/@voidzero-dev+vite-plus-test@0.1.20+de97e618b8c39d45/node_modules/@voidzero-dev/vite-plus-test/dist/@vitest/runner/chunk-artifact.js:2621:55\n    at run (file:///home/dev/Documents/work/other/projects/user-chat/node_modules/.bun/@voidzero-dev+vite-plus-test@0.1.20+de97e618b8c39d45/node_modules/@voidzero-dev/vite-plus-test/dist/@vitest/runner/chunk-artifact.js:1150:24)\n    at limiterFn (file:///home/dev/Documents/work/other/projects/user-chat/node_modules/.bun/@voidzero-dev+vite-plus-test@0.1.20+de97e618b8c39d45/node_modules/@voidzero-dev/vite-plus-test/dist/@vitest/runner/chunk-artifact.js:1162:61)\n    at runHook (file:///home/dev/Documents/work/other/projects/user-chat/node_modules/.bun/@voidzero-dev+vite-plus-test@0.1.20+de97e618b8c39d45/node_modules/@voidzero-dev/vite-plus-test/dist/@vitest/runner/chunk-artifact.js:2620:12)"],"meta":{},"tags":[]},{"ancestorTitles":["SocketService Takeover Race Condition"],"fullName":"SocketService Takeover Race Condition should kick everyone if no victimSocketId is provided (fallback safety)","status":"failed","title":"should kick everyone if no victimSocketId is provided (fallback safety)","duration":5.42179699999997,"failureMessages":["TypeError: __vi_import_1__.socketService.activeConnections.clear is not a function\n    at /home/dev/Documents/work/other/projects/user-chat/workspaces/apps/backend/src/services/chat/__tests__/takeover_race.test.ts:84:46\n    at file:///home/dev/Documents/work/other/projects/user-chat/node_modules/.bun/@voidzero-dev+vite-plus-test@0.1.20+de97e618b8c39d45/node_modules/@voidzero-dev/vite-plus-test/dist/@vitest/runner/chunk-artifact.js:302:14\n    at wrapper (file:///home/dev/Documents/work/other/projects/user-chat/node_modules/.bun/@voidzero-dev+vite-plus-test@0.1.20+de97e618b8c39d45/node_modules/@voidzero-dev/vite-plus-test/dist/@vitest/runner/chunk-artifact.js:722:12)\n    at file:///home/dev/Documents/work/other/projects/user-chat/node_modules/.bun/@voidzero-dev+vite-plus-test@0.1.20+de97e618b8c39d45/node_modules/@voidzero-dev/vite-plus-test/dist/@vitest/runner/chunk-artifact.js:2305:24\n    at new Promise (<anonymous>)\n    at runWithTimeout (file:///home/dev/Documents/work/other/projects/user-chat/node_modules/.bun/@voidzero-dev+vite-plus-test@0.1.20+de97e618b8c39d45/node_modules/@voidzero-dev/vite-plus-test/dist/@vitest/runner/chunk-artifact.js:2272:12)\n    at file:///home/dev/Documents/work/other/projects/user-chat/node_modules/.bun/@voidzero-dev+vite-plus-test@0.1.20+de97e618b8c39d45/node_modules/@voidzero-dev/vite-plus-test/dist/@vitest/runner/chunk-artifact.js:2621:55\n    at run (file:///home/dev/Documents/work/other/projects/user-chat/node_modules/.bun/@voidzero-dev+vite-plus-test@0.1.20+de97e618b8c39d45/node_modules/@voidzero-dev/vite-plus-test/dist/@vitest/runner/chunk-artifact.js:1150:24)\n    at limiterFn (file:///home/dev/Documents/work/other/projects/user-chat/node_modules/.bun/@voidzero-dev+vite-plus-test@0.1.20+de97e618b8c39d45/node_modules/@voidzero-dev/vite-plus-test/dist/@vitest/runner/chunk-artifact.js:1162:61)\n    at runHook (file:///home/dev/Documents/work/other/projects/user-chat/node_modules/.bun/@voidzero-dev+vite-plus-test@0.1.20+de97e618b8c39d45/node_modules/@voidzero-dev/vite-plus-test/dist/@vitest/runner/chunk-artifact.js:2620:12)"],"meta":{},"tags":[]}],"startTime":1778740074508,"endTime":1778740074540.4219,"status":"failed","message":"","name":"/home/dev/Documents/work/other/projects/user-chat/workspaces/apps/backend/src/services/chat/__tests__/takeover_race.test.ts"},{"assertionResults":[{"ancestorTitles":["Distributed Cache Invalidation","ChatActionService.acceptChat"],"fullName":"Distributed Cache Invalidation ChatActionService.acceptChat should publish partner invalidation for both participants when a chat is accepted","status":"failed","title":"should publish partner invalidation for both participants when a chat is accepted","duration":11.503404000000046,"failureMessages":["TypeError: Cannot read properties of undefined (reading 'mockResolvedValue')\n    at /home/dev/Documents/work/other/projects/user-chat/workspaces/apps/backend/src/services/infra/__tests__/distributed_cache.test.ts:66:33\n    at file:///home/dev/Documents/work/other/projects/user-chat/node_modules/.bun/@voidzero-dev+vite-plus-test@0.1.20+de97e618b8c39d45/node_modules/@voidzero-dev/vite-plus-test/dist/@vitest/runner/chunk-artifact.js:302:14\n    at file:///home/dev/Documents/work/other/projects/user-chat/node_modules/.bun/@voidzero-dev+vite-plus-test@0.1.20+de97e618b8c39d45/node_modules/@voidzero-dev/vite-plus-test/dist/@vitest/runner/chunk-artifact.js:1903:28\n    at file:///home/dev/Documents/work/other/projects/user-chat/node_modules/.bun/@voidzero-dev+vite-plus-test@0.1.20+de97e618b8c39d45/node_modules/@voidzero-dev/vite-plus-test/dist/@vitest/runner/chunk-artifact.js:2326:24\n    at new Promise (<anonymous>)\n    at runWithCancel (file:///home/dev/Documents/work/other/projects/user-chat/node_modules/.bun/@voidzero-dev+vite-plus-test@0.1.20+de97e618b8c39d45/node_modules/@voidzero-dev/vite-plus-test/dist/@vitest/runner/chunk-artifact.js:2323:12)\n    at file:///home/dev/Documents/work/other/projects/user-chat/node_modules/.bun/@voidzero-dev+vite-plus-test@0.1.20+de97e618b8c39d45/node_modules/@voidzero-dev/vite-plus-test/dist/@vitest/runner/chunk-artifact.js:2305:24\n    at new Promise (<anonymous>)\n    at runWithTimeout (file:///home/dev/Documents/work/other/projects/user-chat/node_modules/.bun/@voidzero-dev+vite-plus-test@0.1.20+de97e618b8c39d45/node_modules/@voidzero-dev/vite-plus-test/dist/@vitest/runner/chunk-artifact.js:2272:12)\n    at file:///home/dev/Documents/work/other/projects/user-chat/node_modules/.bun/@voidzero-dev+vite-plus-test@0.1.20+de97e618b8c39d45/node_modules/@voidzero-dev/vite-plus-test/dist/@vitest/runner/chunk-artifact.js:2955:70"],"meta":{},"tags":[]},{"ancestorTitles":["Distributed Cache Invalidation","ChatActionService.deleteChat"],"fullName":"Distributed Cache Invalidation ChatActionService.deleteChat should publish partner and chat invalidations when a chat is deleted","status":"failed","title":"should publish partner and chat invalidations when a chat is deleted","duration":3.2397210000000314,"failureMessages":["TypeError: Cannot read properties of undefined (reading 'mockResolvedValue')\n    at /home/dev/Documents/work/other/projects/user-chat/workspaces/apps/backend/src/services/infra/__tests__/distributed_cache.test.ts:88:41\n    at file:///home/dev/Documents/work/other/projects/user-chat/node_modules/.bun/@voidzero-dev+vite-plus-test@0.1.20+de97e618b8c39d45/node_modules/@voidzero-dev/vite-plus-test/dist/@vitest/runner/chunk-artifact.js:302:14\n    at file:///home/dev/Documents/work/other/projects/user-chat/node_modules/.bun/@voidzero-dev+vite-plus-test@0.1.20+de97e618b8c39d45/node_modules/@voidzero-dev/vite-plus-test/dist/@vitest/runner/chunk-artifact.js:1903:28\n    at file:///home/dev/Documents/work/other/projects/user-chat/node_modules/.bun/@voidzero-dev+vite-plus-test@0.1.20+de97e618b8c39d45/node_modules/@voidzero-dev/vite-plus-test/dist/@vitest/runner/chunk-artifact.js:2326:24\n    at new Promise (<anonymous>)\n    at runWithCancel (file:///home/dev/Documents/work/other/projects/user-chat/node_modules/.bun/@voidzero-dev+vite-plus-test@0.1.20+de97e618b8c39d45/node_modules/@voidzero-dev/vite-plus-test/dist/@vitest/runner/chunk-artifact.js:2323:12)\n    at file:///home/dev/Documents/work/other/projects/user-chat/node_modules/.bun/@voidzero-dev+vite-plus-test@0.1.20+de97e618b8c39d45/node_modules/@voidzero-dev/vite-plus-test/dist/@vitest/runner/chunk-artifact.js:2305:24\n    at new Promise (<anonymous>)\n    at runWithTimeout (file:///home/dev/Documents/work/other/projects/user-chat/node_modules/.bun/@voidzero-dev+vite-plus-test@0.1.20+de97e618b8c39d45/node_modules/@voidzero-dev/vite-plus-test/dist/@vitest/runner/chunk-artifact.js:2272:12)\n    at file:///home/dev/Documents/work/other/projects/user-chat/node_modules/.bun/@voidzero-dev+vite-plus-test@0.1.20+de97e618b8c39d45/node_modules/@voidzero-dev/vite-plus-test/dist/@vitest/runner/chunk-artifact.js:2955:70"],"meta":{},"tags":[]},{"ancestorTitles":["Distributed Cache Invalidation","SocketService Invalidation Handling"],"fullName":"Distributed Cache Invalidation SocketService Invalidation Handling should call partnerRepository.invalidatePartnerCache when receiving partner invalidation","status":"failed","title":"should call partnerRepository.invalidatePartnerCache when receiving partner invalidation","duration":6.23145599999998,"failureMessages":["AssertionError: expected \"vi.fn()\" to be called with arguments: [ 'user123' ]\n\nNumber of calls: 0\n\n    at Proxy.<anonymous> (file:///home/dev/Documents/work/other/projects/user-chat/node_modules/.bun/@voidzero-dev+vite-plus-test@0.1.20+de97e618b8c39d45/node_modules/@voidzero-dev/vite-plus-test/dist/@vitest/expect/index.js:1487:13)\n    at Proxy.<anonymous> (file:///home/dev/Documents/work/other/projects/user-chat/node_modules/.bun/@voidzero-dev+vite-plus-test@0.1.20+de97e618b8c39d45/node_modules/@voidzero-dev/vite-plus-test/dist/@vitest/expect/index.js:1156:19)\n    at Proxy.methodWrapper (file:///home/dev/Documents/work/other/projects/user-chat/node_modules/.bun/@voidzero-dev+vite-plus-test@0.1.20+de97e618b8c39d45/node_modules/@voidzero-dev/vite-plus-test/dist/vendor/chai.mjs:1333:23)\n    at /home/dev/Documents/work/other/projects/user-chat/workspaces/apps/backend/src/services/infra/__tests__/distributed_cache.test.ts:119:67\n    at processTicksAndRejections (node:internal/process/task_queues:104:5)\n    at file:///home/dev/Documents/work/other/projects/user-chat/node_modules/.bun/@voidzero-dev+vite-plus-test@0.1.20+de97e618b8c39d45/node_modules/@voidzero-dev/vite-plus-test/dist/@vitest/runner/chunk-artifact.js:1903:22"],"meta":{},"tags":[]},{"ancestorTitles":["Distributed Cache Invalidation","SocketService Invalidation Handling"],"fullName":"Distributed Cache Invalidation SocketService Invalidation Handling should call messageService.invalidateCache when receiving chat invalidation","status":"failed","title":"should call messageService.invalidateCache when receiving chat invalidation","duration":2.13584000000003,"failureMessages":["AssertionError: expected \"vi.fn()\" to be called with arguments: [ 'chat123' ]\n\nNumber of calls: 0\n\n    at Proxy.<anonymous> (file:///home/dev/Documents/work/other/projects/user-chat/node_modules/.bun/@voidzero-dev+vite-plus-test@0.1.20+de97e618b8c39d45/node_modules/@voidzero-dev/vite-plus-test/dist/@vitest/expect/index.js:1487:13)\n    at Proxy.<anonymous> (file:///home/dev/Documents/work/other/projects/user-chat/node_modules/.bun/@voidzero-dev+vite-plus-test@0.1.20+de97e618b8c39d45/node_modules/@voidzero-dev/vite-plus-test/dist/@vitest/expect/index.js:1156:19)\n    at Proxy.methodWrapper (file:///home/dev/Documents/work/other/projects/user-chat/node_modules/.bun/@voidzero-dev+vite-plus-test@0.1.20+de97e618b8c39d45/node_modules/@voidzero-dev/vite-plus-test/dist/vendor/chai.mjs:1333:23)\n    at /home/dev/Documents/work/other/projects/user-chat/workspaces/apps/backend/src/services/infra/__tests__/distributed_cache.test.ts:128:57\n    at processTicksAndRejections (node:internal/process/task_queues:104:5)\n    at file:///home/dev/Documents/work/other/projects/user-chat/node_modules/.bun/@voidzero-dev+vite-plus-test@0.1.20+de97e618b8c39d45/node_modules/@voidzero-dev/vite-plus-test/dist/@vitest/runner/chunk-artifact.js:1903:22"],"meta":{},"tags":[]}],"startTime":1778740074298,"endTime":1778740074322.1357,"status":"failed","message":"","name":"/home/dev/Documents/work/other/projects/user-chat/workspaces/apps/backend/src/services/infra/__tests__/distributed_cache.test.ts"},{"assertionResults":[{"ancestorTitles":["SocketService Memory Leak Reproduction"],"fullName":"SocketService Memory Leak Reproduction should correctly manage userId in activeConnections when a Pro session triggers takeover","status":"failed","title":"should correctly manage userId in activeConnections when a Pro session triggers takeover","duration":14.982514000000037,"failureMessages":["TypeError: __vi_import_2__.socketService.activeConnections.clear is not a function\n    at /home/dev/Documents/work/other/projects/user-chat/workspaces/apps/backend/src/services/infra/__tests__/memory_leak_repro.test.ts:85:46\n    at file:///home/dev/Documents/work/other/projects/user-chat/node_modules/.bun/@voidzero-dev+vite-plus-test@0.1.20+de97e618b8c39d45/node_modules/@voidzero-dev/vite-plus-test/dist/@vitest/runner/chunk-artifact.js:302:14\n    at wrapper (file:///home/dev/Documents/work/other/projects/user-chat/node_modules/.bun/@voidzero-dev+vite-plus-test@0.1.20+de97e618b8c39d45/node_modules/@voidzero-dev/vite-plus-test/dist/@vitest/runner/chunk-artifact.js:722:12)\n    at file:///home/dev/Documents/work/other/projects/user-chat/node_modules/.bun/@voidzero-dev+vite-plus-test@0.1.20+de97e618b8c39d45/node_modules/@voidzero-dev/vite-plus-test/dist/@vitest/runner/chunk-artifact.js:2305:24\n    at new Promise (<anonymous>)\n    at runWithTimeout (file:///home/dev/Documents/work/other/projects/user-chat/node_modules/.bun/@voidzero-dev+vite-plus-test@0.1.20+de97e618b8c39d45/node_modules/@voidzero-dev/vite-plus-test/dist/@vitest/runner/chunk-artifact.js:2272:12)\n    at file:///home/dev/Documents/work/other/projects/user-chat/node_modules/.bun/@voidzero-dev+vite-plus-test@0.1.20+de97e618b8c39d45/node_modules/@voidzero-dev/vite-plus-test/dist/@vitest/runner/chunk-artifact.js:2621:55\n    at run (file:///home/dev/Documents/work/other/projects/user-chat/node_modules/.bun/@voidzero-dev+vite-plus-test@0.1.20+de97e618b8c39d45/node_modules/@voidzero-dev/vite-plus-test/dist/@vitest/runner/chunk-artifact.js:1150:24)\n    at limiterFn (file:///home/dev/Documents/work/other/projects/user-chat/node_modules/.bun/@voidzero-dev+vite-plus-test@0.1.20+de97e618b8c39d45/node_modules/@voidzero-dev/vite-plus-test/dist/@vitest/runner/chunk-artifact.js:1162:61)\n    at runHook (file:///home/dev/Documents/work/other/projects/user-chat/node_modules/.bun/@voidzero-dev+vite-plus-test@0.1.20+de97e618b8c39d45/node_modules/@voidzero-dev/vite-plus-test/dist/@vitest/runner/chunk-artifact.js:2620:12)"],"meta":{},"tags":[]}],"startTime":1778740076094,"endTime":1778740076108.9824,"status":"failed","message":"","name":"/home/dev/Documents/work/other/projects/user-chat/workspaces/apps/backend/src/services/infra/__tests__/memory_leak_repro.test.ts"},{"assertionResults":[{"ancestorTitles":["RedisService (Expanded)","checkAndSetIdempotency"],"fullName":"RedisService (Expanded) checkAndSetIdempotency should return true if key is new","status":"passed","title":"should return true if key is new","duration":11.762384999999995,"failureMessages":[],"meta":{},"tags":[]},{"ancestorTitles":["RedisService (Expanded)","checkAndSetIdempotency"],"fullName":"RedisService (Expanded) checkAndSetIdempotency should return false if key exists","status":"passed","title":"should return false if key exists","duration":0.7590399999999136,"failureMessages":[],"meta":{},"tags":[]},{"ancestorTitles":["RedisService (Expanded)","Presence Sync Queue"],"fullName":"RedisService (Expanded) Presence Sync Queue should queue presence sync properly","status":"passed","title":"should queue presence sync properly","duration":2.5011369999999715,"failureMessages":[],"meta":{},"tags":[]},{"ancestorTitles":["RedisService (Expanded)","Presence Sync Queue"],"fullName":"RedisService (Expanded) Presence Sync Queue should pop from sync queue","status":"passed","title":"should pop from sync queue","duration":3.4187890000000607,"failureMessages":[],"meta":{},"tags":[]},{"ancestorTitles":["RedisService (Expanded)","Presence Sync Queue"],"fullName":"RedisService (Expanded) Presence Sync Queue should get queue count","status":"passed","title":"should get queue count","duration":2.1327689999999393,"failureMessages":[],"meta":{},"tags":[]},{"ancestorTitles":["RedisService (Expanded)","Last Seen"],"fullName":"RedisService (Expanded) Last Seen should get batched last seen","status":"passed","title":"should get batched last seen","duration":1.9790610000000015,"failureMessages":[],"meta":{},"tags":[]}],"startTime":1778740075774,"endTime":1778740075796.979,"status":"passed","message":"","name":"/home/dev/Documents/work/other/projects/user-chat/workspaces/apps/backend/src/services/infra/__tests__/redis.service.test.ts"},{"assertionResults":[{"ancestorTitles":["Scalability Optimizations","Thundering Herd Protection (_getPartnerIds)"],"fullName":"Scalability Optimizations Thundering Herd Protection (_getPartnerIds) should only trigger one database query for concurrent partner requests","status":"failed","title":"should only trigger one database query for concurrent partner requests","duration":22.14848900000004,"failureMessages":["AssertionError: expected +0 to be 1 // Object.is equality\n    at /home/dev/Documents/work/other/projects/user-chat/workspaces/apps/backend/src/services/infra/__tests__/scalability.test.ts:147:26\n    at processTicksAndRejections (node:internal/process/task_queues:104:5)\n    at file:///home/dev/Documents/work/other/projects/user-chat/node_modules/.bun/@voidzero-dev+vite-plus-test@0.1.20+de97e618b8c39d45/node_modules/@voidzero-dev/vite-plus-test/dist/@vitest/runner/chunk-artifact.js:1903:22"],"meta":{},"tags":[]},{"ancestorTitles":["Scalability Optimizations","Redis Idempotency L1 Guard"],"fullName":"Scalability Optimizations Redis Idempotency L1 Guard should skip DB findOne if Redis says the message is new","status":"failed","title":"should skip DB findOne if Redis says the message is new","duration":2.9126019999999926,"failureMessages":["TypeError: [Function] is not a spy or a call to a spy!\n    at assertIsMock (file:///home/dev/Documents/work/other/projects/user-chat/node_modules/.bun/@voidzero-dev+vite-plus-test@0.1.20+de97e618b8c39d45/node_modules/@voidzero-dev/vite-plus-test/dist/@vitest/expect/index.js:1431:13)\n    at getSpy (file:///home/dev/Documents/work/other/projects/user-chat/node_modules/.bun/@voidzero-dev+vite-plus-test@0.1.20+de97e618b8c39d45/node_modules/@voidzero-dev/vite-plus-test/dist/@vitest/expect/index.js:1435:5)\n    at Proxy.<anonymous> (file:///home/dev/Documents/work/other/projects/user-chat/node_modules/.bun/@voidzero-dev+vite-plus-test@0.1.20+de97e618b8c39d45/node_modules/@voidzero-dev/vite-plus-test/dist/@vitest/expect/index.js:1476:17)\n    at Proxy.<anonymous> (file:///home/dev/Documents/work/other/projects/user-chat/node_modules/.bun/@voidzero-dev+vite-plus-test@0.1.20+de97e618b8c39d45/node_modules/@voidzero-dev/vite-plus-test/dist/@vitest/expect/index.js:1156:19)\n    at Proxy.methodWrapper (file:///home/dev/Documents/work/other/projects/user-chat/node_modules/.bun/@voidzero-dev+vite-plus-test@0.1.20+de97e618b8c39d45/node_modules/@voidzero-dev/vite-plus-test/dist/vendor/chai.mjs:1333:23)\n    at /home/dev/Documents/work/other/projects/user-chat/workspaces/apps/backend/src/services/infra/__tests__/scalability.test.ts:174:45\n    at processTicksAndRejections (node:internal/process/task_queues:104:5)"],"meta":{},"tags":[]},{"ancestorTitles":["Scalability Optimizations","Redis Idempotency L1 Guard"],"fullName":"Scalability Optimizations Redis Idempotency L1 Guard should hit DB findOne if Redis says the message is a duplicate","status":"failed","title":"should hit DB findOne if Redis says the message is a duplicate","duration":1.5740960000000541,"failureMessages":["TypeError: [Function] is not a spy or a call to a spy!\n    at assertIsMock (file:///home/dev/Documents/work/other/projects/user-chat/node_modules/.bun/@voidzero-dev+vite-plus-test@0.1.20+de97e618b8c39d45/node_modules/@voidzero-dev/vite-plus-test/dist/@vitest/expect/index.js:1431:13)\n    at getSpy (file:///home/dev/Documents/work/other/projects/user-chat/node_modules/.bun/@voidzero-dev+vite-plus-test@0.1.20+de97e618b8c39d45/node_modules/@voidzero-dev/vite-plus-test/dist/@vitest/expect/index.js:1435:5)\n    at Proxy.<anonymous> (file:///home/dev/Documents/work/other/projects/user-chat/node_modules/.bun/@voidzero-dev+vite-plus-test@0.1.20+de97e618b8c39d45/node_modules/@voidzero-dev/vite-plus-test/dist/@vitest/expect/index.js:1476:17)\n    at Proxy.<anonymous> (file:///home/dev/Documents/work/other/projects/user-chat/node_modules/.bun/@voidzero-dev+vite-plus-test@0.1.20+de97e618b8c39d45/node_modules/@voidzero-dev/vite-plus-test/dist/@vitest/expect/index.js:1156:19)\n    at Proxy.methodWrapper (file:///home/dev/Documents/work/other/projects/user-chat/node_modules/.bun/@voidzero-dev+vite-plus-test@0.1.20+de97e618b8c39d45/node_modules/@voidzero-dev/vite-plus-test/dist/vendor/chai.mjs:1333:23)\n    at /home/dev/Documents/work/other/projects/user-chat/workspaces/apps/backend/src/services/infra/__tests__/scalability.test.ts:209:41\n    at processTicksAndRejections (node:internal/process/task_queues:104:5)"],"meta":{},"tags":[]},{"ancestorTitles":["Scalability Optimizations","Redis Idempotency L1 Guard"],"fullName":"Scalability Optimizations Redis Idempotency L1 Guard should NOT consume rate limit token for legitimate retries (duplicates)","status":"passed","title":"should NOT consume rate limit token for legitimate retries (duplicates)","duration":0.9324779999999464,"failureMessages":[],"meta":{},"tags":[]},{"ancestorTitles":["Scalability Optimizations","Typing Local Guard"],"fullName":"Scalability Optimizations Typing Local Guard should throttle Redis hits for high-frequency typing events","status":"failed","title":"should throttle Redis hits for high-frequency typing events","duration":0.9350360000000819,"failureMessages":["AssertionError: expected \"vi.fn()\" to be called 1 times, but got 0 times\n    at /home/dev/Documents/work/other/projects/user-chat/workspaces/apps/backend/src/services/infra/__tests__/scalability.test.ts:261:69\n    at processTicksAndRejections (node:internal/process/task_queues:104:5)"],"meta":{},"tags":[]}],"startTime":1778740073266,"endTime":1778740073294.935,"status":"failed","message":"","name":"/home/dev/Documents/work/other/projects/user-chat/workspaces/apps/backend/src/services/infra/__tests__/scalability.test.ts"},{"assertionResults":[{"ancestorTitles":["EmailService"],"fullName":"EmailService should send a verification email with the correct link","status":"passed","title":"should send a verification email with the correct link","duration":38.516958000000045,"failureMessages":[],"meta":{},"tags":[]},{"ancestorTitles":["EmailService"],"fullName":"EmailService should send a password reset email with the correct link","status":"passed","title":"should send a password reset email with the correct link","duration":0.628832999999986,"failureMessages":[],"meta":{},"tags":[]},{"ancestorTitles":["EmailService"],"fullName":"EmailService should not crash if sendMail fails","status":"passed","title":"should not crash if sendMail fails","duration":20.649756000000025,"failureMessages":[],"meta":{},"tags":[]}],"startTime":1778740078019,"endTime":1778740078078.6497,"status":"passed","message":"","name":"/home/dev/Documents/work/other/projects/user-chat/workspaces/apps/backend/src/services/notification/__tests__/email.service.test.ts"}]}
